TN:
SF:src\config\sheetsConfig.js
FNF:0
FNH:0
DA:7,3
DA:52,3
LF:2
LH:2
BRF:0
BRH:0
end_of_record
TN:
SF:src\handlers\sheetHandler.js
FN:15,(anonymous_0)
FN:26,(anonymous_1)
FN:30,(anonymous_2)
FN:45,(anonymous_3)
FN:57,(anonymous_4)
FN:69,(anonymous_5)
FN:87,(anonymous_6)
FN:119,(anonymous_7)
FN:124,(anonymous_8)
FN:129,(anonymous_9)
FN:140,(anonymous_10)
FN:163,(anonymous_11)
FN:195,(anonymous_12)
FN:199,(anonymous_13)
FN:203,(anonymous_14)
FN:207,(anonymous_15)
FN:211,(anonymous_16)
FN:215,(anonymous_17)
FNF:18
FNH:11
FNDA:17,(anonymous_0)
FNDA:6,(anonymous_1)
FNDA:18,(anonymous_2)
FNDA:10,(anonymous_3)
FNDA:6,(anonymous_4)
FNDA:10,(anonymous_5)
FNDA:6,(anonymous_6)
FNDA:1,(anonymous_7)
FNDA:0,(anonymous_8)
FNDA:0,(anonymous_9)
FNDA:1,(anonymous_10)
FNDA:3,(anonymous_11)
FNDA:0,(anonymous_12)
FNDA:0,(anonymous_13)
FNDA:0,(anonymous_14)
FNDA:0,(anonymous_15)
FNDA:0,(anonymous_16)
FNDA:3,(anonymous_17)
DA:7,2
DA:16,17
DA:27,6
DA:29,6
DA:30,18
DA:32,6
DA:33,6
DA:35,5
DA:46,10
DA:47,10
DA:58,6
DA:59,6
DA:70,10
DA:71,1
DA:74,9
DA:75,9
DA:76,0
DA:78,9
DA:88,6
DA:89,6
DA:90,1
DA:93,5
DA:94,5
DA:95,1
DA:98,4
DA:110,4
DA:111,3
DA:113,1
DA:114,1
DA:141,1
DA:142,1
DA:143,1
DA:144,1
DA:146,0
DA:147,0
DA:149,0
DA:150,0
DA:164,3
DA:165,3
DA:166,1
DA:169,2
DA:170,2
DA:173,2
DA:174,2
DA:175,2
DA:177,1
DA:180,1
DA:186,1
DA:187,1
DA:189,0
DA:190,0
DA:220,2
LF:52
LH:45
BRDA:27,0,0,0
BRDA:27,0,1,6
BRDA:27,1,0,6
BRDA:27,1,1,6
BRDA:30,2,0,0
BRDA:30,2,1,6
BRDA:33,3,0,1
BRDA:33,3,1,5
BRDA:70,4,0,1
BRDA:70,4,1,9
BRDA:75,5,0,0
BRDA:75,5,1,9
BRDA:89,6,0,1
BRDA:89,6,1,5
BRDA:94,7,0,1
BRDA:94,7,1,4
BRDA:101,8,0,4
BRDA:101,8,1,4
BRDA:102,9,0,0
BRDA:102,9,1,4
BRDA:103,10,0,4
BRDA:103,10,1,4
BRDA:105,11,0,4
BRDA:105,11,1,1
BRDA:107,12,0,0
BRDA:107,12,1,4
BRDA:129,13,0,0
BRDA:143,14,0,1
BRDA:143,14,1,0
BRDA:143,15,0,1
BRDA:143,15,1,1
BRDA:165,16,0,1
BRDA:165,16,1,2
BRDA:165,17,0,3
BRDA:165,17,1,3
BRDA:165,17,2,2
BRDA:165,17,3,2
BRDA:170,18,0,0
BRDA:170,18,1,2
BRDA:175,19,0,1
BRDA:175,19,1,1
BRDA:175,20,0,2
BRDA:175,20,1,1
BRDA:211,21,0,0
BRF:44
BRH:35
end_of_record
TN:
SF:src\integration\sheetsIntegration.js
FN:18,(anonymous_0)
FN:29,(anonymous_1)
FN:60,(anonymous_2)
FN:69,(anonymous_3)
FN:78,(anonymous_4)
FN:98,(anonymous_5)
FN:130,(anonymous_6)
FN:136,(anonymous_7)
FN:137,(anonymous_8)
FNF:9
FNH:1
FNDA:8,(anonymous_0)
FNDA:0,(anonymous_1)
FNDA:0,(anonymous_2)
FNDA:0,(anonymous_3)
FNDA:0,(anonymous_4)
FNDA:0,(anonymous_5)
FNDA:0,(anonymous_6)
FNDA:0,(anonymous_7)
FNDA:0,(anonymous_8)
DA:7,1
DA:8,1
DA:9,1
DA:20,8
DA:21,0
DA:30,0
DA:32,0
DA:35,0
DA:38,0
DA:40,0
DA:46,0
DA:47,0
DA:61,0
DA:63,0
DA:66,0
DA:69,0
DA:70,0
DA:71,0
DA:77,0
DA:78,0
DA:83,0
DA:84,0
DA:99,0
DA:101,0
DA:104,0
DA:105,0
DA:108,0
DA:110,0
DA:116,0
DA:117,0
DA:131,0
DA:132,0
DA:135,0
DA:136,0
DA:137,0
DA:138,0
DA:143,0
DA:145,0
DA:146,0
DA:151,1
LF:40
LH:5
BRDA:43,0,0,0
BRDA:43,0,1,0
BRDA:113,1,0,0
BRDA:113,1,1,0
BRDA:130,2,0,0
BRDA:135,3,0,0
BRDA:135,3,1,0
BRF:7
BRH:0
end_of_record
TN:
SF:src\parsing\questionParser.js
FN:15,formatQuestionId
FN:44,extractDay
FN:54,extractAuthor
FN:65,extractQuestionNumber
FN:75,parseQuestion
FN:144,parseQuestions
FNF:6
FNH:6
FNDA:7,formatQuestionId
FNDA:7,extractDay
FNDA:7,extractAuthor
FNDA:6,extractQuestionNumber
FNDA:6,parseQuestion
FNDA:1,parseQuestions
DA:16,7
DA:27,7
DA:28,7
DA:29,7
DA:31,7
DA:45,7
DA:46,7
DA:55,7
DA:56,3
DA:57,0
DA:66,6
DA:67,6
DA:76,6
DA:77,6
DA:78,6
DA:79,6
DA:81,6
DA:86,6
DA:87,1
DA:88,1
DA:92,6
DA:93,6
DA:94,1
DA:95,1
DA:98,6
DA:99,6
DA:100,6
DA:103,6
DA:104,2
DA:107,2
DA:108,2
DA:109,2
DA:110,2
DA:113,0
DA:114,0
DA:115,0
DA:116,0
DA:118,0
DA:122,4
DA:126,6
DA:127,6
DA:132,6
DA:133,0
DA:136,6
DA:146,1
DA:147,1
DA:150,1
DA:151,1
DA:154,1
DA:155,2
DA:156,2
DA:159,2
DA:160,2
DA:163,1
DA:166,2
LF:55
LH:48
BRDA:29,0,0,7
BRDA:29,0,1,0
BRDA:46,1,0,7
BRDA:46,1,1,0
BRDA:55,2,0,4
BRDA:55,2,1,3
BRDA:56,3,0,3
BRDA:56,3,1,0
BRDA:67,4,0,6
BRDA:67,4,1,0
BRDA:86,5,0,1
BRDA:86,5,1,5
BRDA:93,6,0,1
BRDA:93,6,1,5
BRDA:99,7,0,6
BRDA:99,7,1,0
BRDA:103,8,0,2
BRDA:103,8,1,4
BRDA:108,9,0,2
BRDA:108,9,1,0
BRDA:114,10,0,0
BRDA:114,10,1,0
BRDA:126,11,0,6
BRDA:126,11,1,0
BRDA:132,12,0,0
BRDA:132,12,1,6
BRDA:132,13,0,6
BRDA:132,13,1,2
BRF:28
BRH:18
end_of_record
