TN:
SF:src\config\sheetsConfig.js
FNF:0
FNH:0
DA:7,3
DA:52,3
LF:2
LH:2
BRF:0
BRH:0
end_of_record
TN:
SF:src\handlers\sheetHandler.js
FN:15,(anonymous_0)
FN:26,(anonymous_1)
FN:30,(anonymous_2)
FN:45,(anonymous_3)
FN:57,(anonymous_4)
FN:69,(anonymous_5)
FN:87,(anonymous_6)
FN:119,(anonymous_7)
FN:124,(anonymous_8)
FN:129,(anonymous_9)
FN:140,(anonymous_10)
FN:163,(anonymous_11)
FN:195,(anonymous_12)
FN:199,(anonymous_13)
FN:203,(anonymous_14)
FN:207,(anonymous_15)
FN:211,(anonymous_16)
FN:215,(anonymous_17)
FNF:18
FNH:8
FNDA:2,(anonymous_0)
FNDA:1,(anonymous_1)
FNDA:3,(anonymous_2)
FNDA:1,(anonymous_3)
FNDA:1,(anonymous_4)
FNDA:1,(anonymous_5)
FNDA:1,(anonymous_6)
FNDA:1,(anonymous_7)
FNDA:0,(anonymous_8)
FNDA:0,(anonymous_9)
FNDA:0,(anonymous_10)
FNDA:0,(anonymous_11)
FNDA:0,(anonymous_12)
FNDA:0,(anonymous_13)
FNDA:0,(anonymous_14)
FNDA:0,(anonymous_15)
FNDA:0,(anonymous_16)
FNDA:0,(anonymous_17)
DA:7,2
DA:16,2
DA:27,1
DA:29,1
DA:30,3
DA:32,1
DA:33,1
DA:35,1
DA:46,1
DA:47,1
DA:58,1
DA:59,1
DA:70,1
DA:71,0
DA:74,1
DA:75,1
DA:76,0
DA:78,1
DA:88,1
DA:89,1
DA:90,0
DA:93,1
DA:94,1
DA:95,0
DA:98,1
DA:110,1
DA:111,1
DA:113,0
DA:114,0
DA:141,0
DA:142,0
DA:143,0
DA:144,0
DA:146,0
DA:147,0
DA:149,0
DA:150,0
DA:164,0
DA:165,0
DA:166,0
DA:169,0
DA:170,0
DA:173,0
DA:174,0
DA:175,0
DA:177,0
DA:180,0
DA:186,0
DA:187,0
DA:189,0
DA:190,0
DA:220,2
LF:52
LH:24
BRDA:27,0,0,0
BRDA:27,0,1,1
BRDA:27,1,0,1
BRDA:27,1,1,1
BRDA:30,2,0,0
BRDA:30,2,1,1
BRDA:33,3,0,0
BRDA:33,3,1,1
BRDA:70,4,0,0
BRDA:70,4,1,1
BRDA:75,5,0,0
BRDA:75,5,1,1
BRDA:89,6,0,0
BRDA:89,6,1,1
BRDA:94,7,0,0
BRDA:94,7,1,1
BRDA:101,8,0,1
BRDA:101,8,1,1
BRDA:102,9,0,0
BRDA:102,9,1,1
BRDA:103,10,0,1
BRDA:103,10,1,1
BRDA:105,11,0,1
BRDA:105,11,1,0
BRDA:107,12,0,0
BRDA:107,12,1,1
BRDA:129,13,0,0
BRDA:143,14,0,0
BRDA:143,14,1,0
BRDA:143,15,0,0
BRDA:143,15,1,0
BRDA:165,16,0,0
BRDA:165,16,1,0
BRDA:165,17,0,0
BRDA:165,17,1,0
BRDA:165,17,2,0
BRDA:165,17,3,0
BRDA:170,18,0,0
BRDA:170,18,1,0
BRDA:175,19,0,0
BRDA:175,19,1,0
BRDA:175,20,0,0
BRDA:175,20,1,0
BRDA:211,21,0,0
BRF:44
BRH:16
end_of_record
TN:
SF:src\integration\sheetsIntegration.js
FN:18,(anonymous_0)
FN:29,(anonymous_1)
FN:60,(anonymous_2)
FN:69,(anonymous_3)
FN:78,(anonymous_4)
FN:98,(anonymous_5)
FN:130,(anonymous_6)
FN:136,(anonymous_7)
FN:137,(anonymous_8)
FNF:9
FNH:0
FNDA:0,(anonymous_0)
FNDA:0,(anonymous_1)
FNDA:0,(anonymous_2)
FNDA:0,(anonymous_3)
FNDA:0,(anonymous_4)
FNDA:0,(anonymous_5)
FNDA:0,(anonymous_6)
FNDA:0,(anonymous_7)
FNDA:0,(anonymous_8)
DA:7,1
DA:8,1
DA:9,1
DA:20,0
DA:21,0
DA:30,0
DA:32,0
DA:35,0
DA:38,0
DA:40,0
DA:46,0
DA:47,0
DA:61,0
DA:63,0
DA:66,0
DA:69,0
DA:70,0
DA:71,0
DA:77,0
DA:78,0
DA:83,0
DA:84,0
DA:99,0
DA:101,0
DA:104,0
DA:105,0
DA:108,0
DA:110,0
DA:116,0
DA:117,0
DA:131,0
DA:132,0
DA:135,0
DA:136,0
DA:137,0
DA:138,0
DA:143,0
DA:145,0
DA:146,0
DA:151,1
LF:40
LH:4
BRDA:43,0,0,0
BRDA:43,0,1,0
BRDA:113,1,0,0
BRDA:113,1,1,0
BRDA:130,2,0,0
BRDA:135,3,0,0
BRDA:135,3,1,0
BRF:7
BRH:0
end_of_record
TN:
SF:src\parsing\questionParser.js
FN:15,formatQuestionId
FN:44,extractDay
FN:54,extractAuthor
FN:65,extractQuestionNumber
FN:75,parseQuestion
FN:144,parseQuestions
FNF:6
FNH:0
FNDA:0,formatQuestionId
FNDA:0,extractDay
FNDA:0,extractAuthor
FNDA:0,extractQuestionNumber
FNDA:0,parseQuestion
FNDA:0,parseQuestions
DA:16,0
DA:27,0
DA:28,0
DA:29,0
DA:31,0
DA:45,0
DA:46,0
DA:55,0
DA:56,0
DA:57,0
DA:66,0
DA:67,0
DA:76,0
DA:77,0
DA:78,0
DA:79,0
DA:81,0
DA:86,0
DA:87,0
DA:88,0
DA:92,0
DA:93,0
DA:94,0
DA:95,0
DA:98,0
DA:99,0
DA:100,0
DA:103,0
DA:104,0
DA:107,0
DA:108,0
DA:109,0
DA:110,0
DA:113,0
DA:114,0
DA:115,0
DA:116,0
DA:118,0
DA:122,0
DA:126,0
DA:127,0
DA:132,0
DA:133,0
DA:136,0
DA:146,0
DA:147,0
DA:150,0
DA:151,0
DA:154,0
DA:155,0
DA:156,0
DA:159,0
DA:160,0
DA:163,0
DA:166,2
LF:55
LH:1
BRDA:29,0,0,0
BRDA:29,0,1,0
BRDA:46,1,0,0
BRDA:46,1,1,0
BRDA:55,2,0,0
BRDA:55,2,1,0
BRDA:56,3,0,0
BRDA:56,3,1,0
BRDA:67,4,0,0
BRDA:67,4,1,0
BRDA:86,5,0,0
BRDA:86,5,1,0
BRDA:93,6,0,0
BRDA:93,6,1,0
BRDA:99,7,0,0
BRDA:99,7,1,0
BRDA:103,8,0,0
BRDA:103,8,1,0
BRDA:108,9,0,0
BRDA:108,9,1,0
BRDA:114,10,0,0
BRDA:114,10,1,0
BRDA:126,11,0,0
BRDA:126,11,1,0
BRDA:132,12,0,0
BRDA:132,12,1,0
BRDA:132,13,0,0
BRDA:132,13,1,0
BRF:28
BRH:0
end_of_record
